<?xml version="1.0" encoding="UTF-8"?>
<testng-results ignored="0" total="1" passed="1" failed="0" skipped="0">
  <reporter-output>
  </reporter-output>
  <suite started-at="2023-12-10T19:54:27 IST" name="TutorialNinja Automation Suite" finished-at="2023-12-10T19:55:24 IST" duration-ms="56713">
    <groups>
    </groups>
    <test started-at="2023-12-10T19:54:27 IST" name="TutorialNinja Tests" finished-at="2023-12-10T19:55:24 IST" duration-ms="56713">
      <class name="com.tutorialsninja.qa.testcases.login">
        <test-method is-config="true" signature="setup()[pri:0, instance:com.tutorialsninja.qa.testcases.login@248e319b]" started-at="2023-12-10T19:54:27 IST" name="setup" finished-at="2023-12-10T19:54:49 IST" duration-ms="21378" status="PASS">
          <reporter-output>
          </reporter-output>
        </test-method> <!-- setup -->
        <test-method signature="verifyloginWithValidCredentials()[pri:0, instance:com.tutorialsninja.qa.testcases.login@248e319b]" started-at="2023-12-10T19:54:49 IST" name="verifyloginWithValidCredentials" finished-at="2023-12-10T19:55:23 IST" duration-ms="34060" status="PASS">
          <reporter-output>
          </reporter-output>
        </test-method> <!-- verifyloginWithValidCredentials -->
        <test-method is-config="true" signature="tearDown()[pri:0, instance:com.tutorialsninja.qa.testcases.login@248e319b]" started-at="2023-12-10T19:55:23 IST" name="tearDown" finished-at="2023-12-10T19:55:24 IST" duration-ms="1156" status="PASS">
          <reporter-output>
          </reporter-output>
        </test-method> <!-- tearDown -->
      </class> <!-- com.tutorialsninja.qa.testcases.login -->
    </test> <!-- TutorialNinja Tests -->
  </suite> <!-- TutorialNinja Automation Suite -->
</testng-results>
